# JRE version: Java(TM) SE Runtime Environment (8.0_05-b13) (build 1.8.0_05-b13)
# Java VM: Java HotSpot(TM) 64-Bit Server VM (25.5-b02 mixed mode windows-amd64 compressed oops)
Heap:
 def new generation   total 1152K, used 230K [0x00000000a2400000, 0x00000000a2540000, 0x00000000c1800000)
  eden space 1024K,   9% used [0x00000000a2400000, 0x00000000a2419898, 0x00000000a2500000)
  from space 128K, 100% used [0x00000000a2500000, 0x00000000a2520000, 0x00000000a2520000)
  to   space 128K,   0% used [0x00000000a2520000, 0x00000000a2520000, 0x00000000a2540000)
 tenured generation   total 97024K, used 8705K [0x00000000c1800000, 0x00000000c76c0000, 0x0000000100000000)
   the space 97024K,   8% used [0x00000000c1800000, 0x00000000c2080570, 0x00000000c2080600, 0x00000000c76c0000)
 Metaspace       used 11173K, capacity 11558K, committed 11648K, reserved 1058816K
  class space    used 1320K, capacity 1395K, committed 1408K, reserved 1048576K
GC Heap History (10 events):
Event: 1.272 GC heap before
{Heap before GC invocations=101 (full 0):
 def new generation   total 1152K, used 1151K [0x00000000a2400000, 0x00000000a2540000, 0x00000000c1800000)
  eden space 1024K, 100% used [0x00000000a2400000, 0x00000000a2500000, 0x00000000a2500000)
  from space 128K,  99% used [0x00000000a2520000, 0x00000000a253ffb0, 0x00000000a2540000)
  to   space 128K,   0% used [0x00000000a2500000, 0x00000000a2500000, 0x00000000a2520000)
 tenured generation   total 97024K, used 8310K [0x00000000c1800000, 0x00000000c76c0000, 0x0000000100000000)
   the space 97024K,   8% used [0x00000000c1800000, 0x00000000c201d998, 0x00000000c201da00, 0x00000000c76c0000)
 Metaspace       used 11155K, capacity 11494K, committed 11648K, reserved 1058816K
  class space    used 1320K, capacity 1395K, committed 1408K, reserved 1048576K
Event: 1.272 GC heap after
Heap after GC invocations=102 (full 0):
 def new generation   total 1152K, used 60K [0x00000000a2400000, 0x00000000a2540000, 0x00000000c1800000)
  eden space 1024K,   0% used [0x00000000a2400000, 0x00000000a2400000, 0x00000000a2500000)
  from space 128K,  47% used [0x00000000a2500000, 0x00000000a250f3d8, 0x00000000a2520000)
  to   space 128K,   0% used [0x00000000a2520000, 0x00000000a2520000, 0x00000000a2540000)
 tenured generation   total 97024K, used 8393K [0x00000000c1800000, 0x00000000c76c0000, 0x0000000100000000)
   the space 97024K,   8% used [0x00000000c1800000, 0x00000000c20324b0, 0x00000000c2032600, 0x00000000c76c0000)
 Metaspace       used 11155K, capacity 11494K, committed 11648K, reserved 1058816K
  class space    used 1320K, capacity 1395K, committed 1408K, reserved 1048576K
}
Event: 1.278 GC heap before
{Heap before GC invocations=102 (full 0):
 def new generation   total 1152K, used 1084K [0x00000000a2400000, 0x00000000a2540000, 0x00000000c1800000)
  eden space 1024K, 100% used [0x00000000a2400000, 0x00000000a2500000, 0x00000000a2500000)
  from space 128K,  47% used [0x00000000a2500000, 0x00000000a250f3d8, 0x00000000a2520000)
  to   space 128K,   0% used [0x00000000a2520000, 0x00000000a2520000, 0x00000000a2540000)
 tenured generation   total 97024K, used 8393K [0x00000000c1800000, 0x00000000c76c0000, 0x0000000100000000)
   the space 97024K,   8% used [0x00000000c1800000, 0x00000000c20324b0, 0x00000000c2032600, 0x00000000c76c0000)
 Metaspace       used 11157K, capacity 11494K, committed 11648K, reserved 1058816K
  class space    used 1320K, capacity 1395K, committed 1408K, reserved 1048576K
Event: 1.278 GC heap after
Heap after GC invocations=103 (full 0):
 def new generation   total 1152K, used 127K [0x00000000a2400000, 0x00000000a2540000, 0x00000000c1800000)
  eden space 1024K,   0% used [0x00000000a2400000, 0x00000000a2400000, 0x00000000a2500000)
  from space 128K,  99% used [0x00000000a2520000, 0x00000000a253fff8, 0x00000000a2540000)
  to   space 128K,   0% used [0x00000000a2500000, 0x00000000a2500000, 0x00000000a2520000)
 tenured generation   total 97024K, used 8419K [0x00000000c1800000, 0x00000000c76c0000, 0x0000000100000000)
   the space 97024K,   8% used [0x00000000c1800000, 0x00000000c2038f90, 0x00000000c2039000, 0x00000000c76c0000)
 Metaspace       used 11157K, capacity 11494K, committed 11648K, reserved 1058816K
  class space    used 1320K, capacity 1395K, committed 1408K, reserved 1048576K
}
Event: 1.283 GC heap before
{Heap before GC invocations=103 (full 0):
 def new generation   total 1152K, used 1151K [0x00000000a2400000, 0x00000000a2540000, 0x00000000c1800000)
  eden space 1024K, 100% used [0x00000000a2400000, 0x00000000a2500000, 0x00000000a2500000)
  from space 128K,  99% used [0x00000000a2520000, 0x00000000a253fff8, 0x00000000a2540000)
  to   space 128K,   0% used [0x00000000a2500000, 0x00000000a2500000, 0x00000000a2520000)
 tenured generation   total 97024K, used 8419K [0x00000000c1800000, 0x00000000c76c0000, 0x0000000100000000)
   the space 97024K,   8% used [0x00000000c1800000, 0x00000000c2038f90, 0x00000000c2039000, 0x00000000c76c0000)
 Metaspace       used 11157K, capacity 11494K, committed 11648K, reserved 1058816K
  class space    used 1320K, capacity 1395K, committed 1408K, reserved 1048576K
Event: 1.284 GC heap after
Heap after GC invocations=104 (full 0):
 def new generation   total 1152K, used 72K [0x00000000a2400000, 0x00000000a2540000, 0x00000000c1800000)
  eden space 1024K,   0% used [0x00000000a2400000, 0x00000000a2400000, 0x00000000a2500000)
  from space 128K,  56% used [0x00000000a2500000, 0x00000000a25122f8, 0x00000000a2520000)
  to   space 128K,   0% used [0x00000000a2520000, 0x00000000a2520000, 0x00000000a2540000)
 tenured generation   total 97024K, used 8508K [0x00000000c1800000, 0x00000000c76c0000, 0x0000000100000000)
   the space 97024K,   8% used [0x00000000c1800000, 0x00000000c204f100, 0x00000000c204f200, 0x00000000c76c0000)
 Metaspace       used 11157K, capacity 11494K, committed 11648K, reserved 1058816K
  class space    used 1320K, capacity 1395K, committed 1408K, reserved 1048576K
}
Event: 1.288 GC heap before
{Heap before GC invocations=104 (full 0):
 def new generation   total 1152K, used 1096K [0x00000000a2400000, 0x00000000a2540000, 0x00000000c1800000)
  eden space 1024K, 100% used [0x00000000a2400000, 0x00000000a2500000, 0x00000000a2500000)
  from space 128K,  56% used [0x00000000a2500000, 0x00000000a25122f8, 0x00000000a2520000)
  to   space 128K,   0% used [0x00000000a2520000, 0x00000000a2520000, 0x00000000a2540000)
 tenured generation   total 97024K, used 8508K [0x00000000c1800000, 0x00000000c76c0000, 0x0000000100000000)
   the space 97024K,   8% used [0x00000000c1800000, 0x00000000c204f100, 0x00000000c204f200, 0x00000000c76c0000)
 Metaspace       used 11158K, capacity 11494K, committed 11648K, reserved 1058816K
  class space    used 1320K, capacity 1395K, committed 1408K, reserved 1048576K
Event: 1.289 GC heap after
Heap after GC invocations=105 (full 0):
 def new generation   total 1152K, used 111K [0x00000000a2400000, 0x00000000a2540000, 0x00000000c1800000)
  eden space 1024K,   0% used [0x00000000a2400000, 0x00000000a2400000, 0x00000000a2500000)
  from space 128K,  87% used [0x00000000a2520000, 0x00000000a253bdb0, 0x00000000a2540000)
  to   space 128K,   0% used [0x00000000a2500000, 0x00000000a2500000, 0x00000000a2520000)
 tenured generation   total 97024K, used 8523K [0x00000000c1800000, 0x00000000c76c0000, 0x0000000100000000)
   the space 97024K,   8% used [0x00000000c1800000, 0x00000000c2052f00, 0x00000000c2053000, 0x00000000c76c0000)
 Metaspace       used 11158K, capacity 11494K, committed 11648K, reserved 1058816K
  class space    used 1320K, capacity 1395K, committed 1408K, reserved 1048576K
}
Event: 1.296 GC heap before
{Heap before GC invocations=105 (full 0):
 def new generation   total 1152K, used 1135K [0x00000000a2400000, 0x00000000a2540000, 0x00000000c1800000)
  eden space 1024K, 100% used [0x00000000a2400000, 0x00000000a2500000, 0x00000000a2500000)
  from space 128K,  87% used [0x00000000a2520000, 0x00000000a253bdb0, 0x00000000a2540000)
  to   space 128K,   0% used [0x00000000a2500000, 0x00000000a2500000, 0x00000000a2520000)
 tenured generation   total 97024K, used 8523K [0x00000000c1800000, 0x00000000c76c0000, 0x0000000100000000)
   the space 97024K,   8% used [0x00000000c1800000, 0x00000000c2052f00, 0x00000000c2053000, 0x00000000c76c0000)
 Metaspace       used 11170K, capacity 11494K, committed 11648K, reserved 1058816K
  class space    used 1320K, capacity 1395K, committed 1408K, reserved 1048576K
Event: 1.298 GC heap after
Heap after GC invocations=106 (full 0):
 def new generation   total 1152K, used 127K [0x00000000a2400000, 0x00000000a2540000, 0x00000000c1800000)
  eden space 1024K,   0% used [0x00000000a2400000, 0x00000000a2400000, 0x00000000a2500000)
  from space 128K,  99% used [0x00000000a2500000, 0x00000000a251fe00, 0x00000000a2520000)
  to   space 128K,   0% used [0x00000000a2520000, 0x00000000a2520000, 0x00000000a2540000)
 tenured generation   total 97024K, used 8591K [0x00000000c1800000, 0x00000000c76c0000, 0x0000000100000000)
   the space 97024K,   8% used [0x00000000c1800000, 0x00000000c2063ca8, 0x00000000c2063e00, 0x00000000c76c0000)
 Metaspace       used 11170K, capacity 11494K, committed 11648K, reserved 1058816K
  class space    used 1320K, capacity 1395K, committed 1408K, reserved 1048576K
}

