# JRE version: Java(TM) SE Runtime Environment (8.0_05-b13) (build 1.8.0_05-b13)
# Java VM: Java HotSpot(TM) 64-Bit Server VM (25.5-b02 mixed mode windows-amd64 compressed oops)
Heap:
 def new generation   total 1152K, used 592K [0x00000000a2400000, 0x00000000a2540000, 0x00000000c1800000)
  eden space 1024K,  50% used [0x00000000a2400000, 0x00000000a2480c48, 0x00000000a2500000)
  from space 128K,  60% used [0x00000000a2520000, 0x00000000a2533790, 0x00000000a2540000)
  to   space 128K,   0% used [0x00000000a2500000, 0x00000000a2500000, 0x00000000a2520000)
 tenured generation   total 97024K, used 44003K [0x00000000c1800000, 0x00000000c76c0000, 0x0000000100000000)
   the space 97024K,  45% used [0x00000000c1800000, 0x00000000c42f8d10, 0x00000000c42f8e00, 0x00000000c76c0000)
 Metaspace       used 13104K, capacity 13426K, committed 13696K, reserved 1060864K
  class space    used 1496K, capacity 1589K, committed 1664K, reserved 1048576K
GC Heap History (10 events):
Event: 3.875 GC heap before
{Heap before GC invocations=450 (full 0):
 def new generation   total 1152K, used 1152K [0x00000000a2400000, 0x00000000a2540000, 0x00000000c1800000)
  eden space 1024K, 100% used [0x00000000a2400000, 0x00000000a2500000, 0x00000000a2500000)
  from space 128K, 100% used [0x00000000a2500000, 0x00000000a2520000, 0x00000000a2520000)
  to   space 128K,   0% used [0x00000000a2520000, 0x00000000a2520000, 0x00000000a2540000)
 tenured generation   total 97024K, used 43585K [0x00000000c1800000, 0x00000000c76c0000, 0x0000000100000000)
   the space 97024K,  44% used [0x00000000c1800000, 0x00000000c4290400, 0x00000000c4290400, 0x00000000c76c0000)
 Metaspace       used 13103K, capacity 13426K, committed 13696K, reserved 1060864K
  class space    used 1496K, capacity 1589K, committed 1664K, reserved 1048576K
Event: 3.878 GC heap after
Heap after GC invocations=451 (full 0):
 def new generation   total 1152K, used 74K [0x00000000a2400000, 0x00000000a2540000, 0x00000000c1800000)
  eden space 1024K,   0% used [0x00000000a2400000, 0x00000000a2400000, 0x00000000a2500000)
  from space 128K,  58% used [0x00000000a2520000, 0x00000000a2532a10, 0x00000000a2540000)
  to   space 128K,   0% used [0x00000000a2500000, 0x00000000a2500000, 0x00000000a2520000)
 tenured generation   total 97024K, used 43667K [0x00000000c1800000, 0x00000000c76c0000, 0x0000000100000000)
   the space 97024K,  45% used [0x00000000c1800000, 0x00000000c42a4ed0, 0x00000000c42a5000, 0x00000000c76c0000)
 Metaspace       used 13103K, capacity 13426K, committed 13696K, reserved 1060864K
  class space    used 1496K, capacity 1589K, committed 1664K, reserved 1048576K
}
Event: 3.885 GC heap before
{Heap before GC invocations=451 (full 0):
 def new generation   total 1152K, used 1098K [0x00000000a2400000, 0x00000000a2540000, 0x00000000c1800000)
  eden space 1024K, 100% used [0x00000000a2400000, 0x00000000a2500000, 0x00000000a2500000)
  from space 128K,  58% used [0x00000000a2520000, 0x00000000a2532a10, 0x00000000a2540000)
  to   space 128K,   0% used [0x00000000a2500000, 0x00000000a2500000, 0x00000000a2520000)
 tenured generation   total 97024K, used 43667K [0x00000000c1800000, 0x00000000c76c0000, 0x0000000100000000)
   the space 97024K,  45% used [0x00000000c1800000, 0x00000000c42a4ed0, 0x00000000c42a5000, 0x00000000c76c0000)
 Metaspace       used 13103K, capacity 13426K, committed 13696K, reserved 1060864K
  class space    used 1496K, capacity 1589K, committed 1664K, reserved 1048576K
Event: 3.887 GC heap after
Heap after GC invocations=452 (full 0):
 def new generation   total 1152K, used 113K [0x00000000a2400000, 0x00000000a2540000, 0x00000000c1800000)
  eden space 1024K,   0% used [0x00000000a2400000, 0x00000000a2400000, 0x00000000a2500000)
  from space 128K,  88% used [0x00000000a2500000, 0x00000000a251c690, 0x00000000a2520000)
  to   space 128K,   0% used [0x00000000a2520000, 0x00000000a2520000, 0x00000000a2540000)
 tenured generation   total 97024K, used 43684K [0x00000000c1800000, 0x00000000c76c0000, 0x0000000100000000)
   the space 97024K,  45% used [0x00000000c1800000, 0x00000000c42a9108, 0x00000000c42a9200, 0x00000000c76c0000)
 Metaspace       used 13103K, capacity 13426K, committed 13696K, reserved 1060864K
  class space    used 1496K, capacity 1589K, committed 1664K, reserved 1048576K
}
Event: 3.895 GC heap before
{Heap before GC invocations=452 (full 0):
 def new generation   total 1152K, used 1137K [0x00000000a2400000, 0x00000000a2540000, 0x00000000c1800000)
  eden space 1024K, 100% used [0x00000000a2400000, 0x00000000a2500000, 0x00000000a2500000)
  from space 128K,  88% used [0x00000000a2500000, 0x00000000a251c690, 0x00000000a2520000)
  to   space 128K,   0% used [0x00000000a2520000, 0x00000000a2520000, 0x00000000a2540000)
 tenured generation   total 97024K, used 43684K [0x00000000c1800000, 0x00000000c76c0000, 0x0000000100000000)
   the space 97024K,  45% used [0x00000000c1800000, 0x00000000c42a9108, 0x00000000c42a9200, 0x00000000c76c0000)
 Metaspace       used 13104K, capacity 13426K, committed 13696K, reserved 1060864K
  class space    used 1496K, capacity 1589K, committed 1664K, reserved 1048576K
Event: 3.899 GC heap after
Heap after GC invocations=453 (full 0):
 def new generation   total 1152K, used 127K [0x00000000a2400000, 0x00000000a2540000, 0x00000000c1800000)
  eden space 1024K,   0% used [0x00000000a2400000, 0x00000000a2400000, 0x00000000a2500000)
  from space 128K,  99% used [0x00000000a2520000, 0x00000000a253fca0, 0x00000000a2540000)
  to   space 128K,   0% used [0x00000000a2500000, 0x00000000a2500000, 0x00000000a2520000)
 tenured generation   total 97024K, used 43752K [0x00000000c1800000, 0x00000000c76c0000, 0x0000000100000000)
   the space 97024K,  45% used [0x00000000c1800000, 0x00000000c42ba0c8, 0x00000000c42ba200, 0x00000000c76c0000)
 Metaspace       used 13104K, capacity 13426K, committed 13696K, reserved 1060864K
  class space    used 1496K, capacity 1589K, committed 1664K, reserved 1048576K
}
Event: 3.903 GC heap before
{Heap before GC invocations=453 (full 0):
 def new generation   total 1152K, used 1151K [0x00000000a2400000, 0x00000000a2540000, 0x00000000c1800000)
  eden space 1024K, 100% used [0x00000000a2400000, 0x00000000a2500000, 0x00000000a2500000)
  from space 128K,  99% used [0x00000000a2520000, 0x00000000a253fca0, 0x00000000a2540000)
  to   space 128K,   0% used [0x00000000a2500000, 0x00000000a2500000, 0x00000000a2520000)
 tenured generation   total 97024K, used 43752K [0x00000000c1800000, 0x00000000c76c0000, 0x0000000100000000)
   the space 97024K,  45% used [0x00000000c1800000, 0x00000000c42ba0c8, 0x00000000c42ba200, 0x00000000c76c0000)
 Metaspace       used 13104K, capacity 13426K, committed 13696K, reserved 1060864K
  class space    used 1496K, capacity 1589K, committed 1664K, reserved 1048576K
Event: 3.903 GC heap after
Heap after GC invocations=454 (full 0):
 def new generation   total 1152K, used 64K [0x00000000a2400000, 0x00000000a2540000, 0x00000000c1800000)
  eden space 1024K,   0% used [0x00000000a2400000, 0x00000000a2400000, 0x00000000a2500000)
  from space 128K,  50% used [0x00000000a2500000, 0x00000000a2510060, 0x00000000a2520000)
  to   space 128K,   0% used [0x00000000a2520000, 0x00000000a2520000, 0x00000000a2540000)
 tenured generation   total 97024K, used 43836K [0x00000000c1800000, 0x00000000c76c0000, 0x0000000100000000)
   the space 97024K,  45% used [0x00000000c1800000, 0x00000000c42cf098, 0x00000000c42cf200, 0x00000000c76c0000)
 Metaspace       used 13104K, capacity 13426K, committed 13696K, reserved 1060864K
  class space    used 1496K, capacity 1589K, committed 1664K, reserved 1048576K
}
Event: 3.911 GC heap before
{Heap before GC invocations=454 (full 0):
 def new generation   total 1152K, used 1088K [0x00000000a2400000, 0x00000000a2540000, 0x00000000c1800000)
  eden space 1024K, 100% used [0x00000000a2400000, 0x00000000a2500000, 0x00000000a2500000)
  from space 128K,  50% used [0x00000000a2500000, 0x00000000a2510060, 0x00000000a2520000)
  to   space 128K,   0% used [0x00000000a2520000, 0x00000000a2520000, 0x00000000a2540000)
 tenured generation   total 97024K, used 43836K [0x00000000c1800000, 0x00000000c76c0000, 0x0000000100000000)
   the space 97024K,  45% used [0x00000000c1800000, 0x00000000c42cf098, 0x00000000c42cf200, 0x00000000c76c0000)
 Metaspace       used 13104K, capacity 13426K, committed 13696K, reserved 1060864K
  class space    used 1496K, capacity 1589K, committed 1664K, reserved 1048576K
Event: 3.912 GC heap after
Heap after GC invocations=455 (full 0):
 def new generation   total 1152K, used 128K [0x00000000a2400000, 0x00000000a2540000, 0x00000000c1800000)
  eden space 1024K,   0% used [0x00000000a2400000, 0x00000000a2400000, 0x00000000a2500000)
  from space 128K, 100% used [0x00000000a2520000, 0x00000000a2540000, 0x00000000a2540000)
  to   space 128K,   0% used [0x00000000a2500000, 0x00000000a2500000, 0x00000000a2520000)
 tenured generation   total 97024K, used 43864K [0x00000000c1800000, 0x00000000c76c0000, 0x0000000100000000)
   the space 97024K,  45% used [0x00000000c1800000, 0x00000000c42d6240, 0x00000000c42d6400, 0x00000000c76c0000)
 Metaspace       used 13104K, capacity 13426K, committed 13696K, reserved 1060864K
  class space    used 1496K, capacity 1589K, committed 1664K, reserved 1048576K
}

